<?xml version="1.0" encoding="UTF-8"?>
<!-- Generated by org.testng.reporters.JUnitXMLReporter -->
<testsuite ignored="0" hostname="hemant" failures="0" tests="2" name="Default test" time="20.672" errors="0" timestamp="2023-06-10T23:29:33 NPT">
  <testcase classname="com.samriddhi.tests.TC_LoginPage_001" name="LoginWithValidCred" time="4.599"/>
  <testcase classname="com.samriddhi.tests.TC_LoginPage_001" name="addProgramAllocationWithoutMilestoneTest" time="9.698"/>
</testsuite> <!-- Default test -->
