<?xml version="1.0" encoding="UTF-8"?>
<testng-results ignored="0" total="2" passed="2" failed="0" skipped="0">
  <reporter-output>
  </reporter-output>
  <suite started-at="2023-06-10T23:29:13 NPT" name="Default suite" finished-at="2023-06-10T23:29:33 NPT" duration-ms="20672">
    <groups>
    </groups>
    <test started-at="2023-06-10T23:29:13 NPT" name="Default test" finished-at="2023-06-10T23:29:33 NPT" duration-ms="20672">
      <class name="com.samriddhi.tests.TC_LoginPage_001">
        <test-method is-config="true" signature="setup()[pri:0, instance:com.samriddhi.tests.TC_LoginPage_001@2ed2d9cb]" started-at="2023-06-10T23:29:13 NPT" name="setup" finished-at="2023-06-10T23:29:16 NPT" duration-ms="3072" status="PASS">
          <reporter-output>
          </reporter-output>
        </test-method> <!-- setup -->
        <test-method signature="LoginWithValidCred()[pri:1, instance:com.samriddhi.tests.TC_LoginPage_001@2ed2d9cb]" started-at="2023-06-10T23:29:16 NPT" name="LoginWithValidCred" finished-at="2023-06-10T23:29:20 NPT" duration-ms="4599" status="PASS">
          <reporter-output>
          </reporter-output>
        </test-method> <!-- LoginWithValidCred -->
        <test-method signature="addProgramAllocationWithoutMilestoneTest()[pri:2, instance:com.samriddhi.tests.TC_LoginPage_001@2ed2d9cb]" started-at="2023-06-10T23:29:20 NPT" name="addProgramAllocationWithoutMilestoneTest" finished-at="2023-06-10T23:29:30 NPT" duration-ms="9698" status="PASS">
          <reporter-output>
          </reporter-output>
        </test-method> <!-- addProgramAllocationWithoutMilestoneTest -->
        <test-method is-config="true" signature="tearDown()[pri:0, instance:com.samriddhi.tests.TC_LoginPage_001@2ed2d9cb]" started-at="2023-06-10T23:29:30 NPT" name="tearDown" finished-at="2023-06-10T23:29:33 NPT" duration-ms="3264" status="PASS">
          <reporter-output>
          </reporter-output>
        </test-method> <!-- tearDown -->
      </class> <!-- com.samriddhi.tests.TC_LoginPage_001 -->
    </test> <!-- Default test -->
  </suite> <!-- Default suite -->
</testng-results>
